<?xml version="1.0" encoding="UTF-8"?>
<!-- Generated by org.testng.reporters.JUnitXMLReporter -->
<testsuite ignored="0" hostname="DESKTOP-9HQL1HH" failures="0" tests="2" name="Test" time="59.039" errors="0" timestamp="2022-11-02T10:02:34 GMT-07:00">
  <testcase classname="MavenProjectPckg.Selenium_Maven_Project.LoginTestCase" name="verifyLogin" time="4.146"/>
  <testcase classname="MavenProjectPckg.Selenium_Maven_Project.TryForFreeTestCase" name="verifyTryForFree" time="23.024"/>
</testsuite> <!-- Test -->
