<?xml version="1.0" encoding="UTF-8"?>
<testng-results ignored="0" total="1" passed="1" failed="0" skipped="0">
  <reporter-output>
  </reporter-output>
  <suite started-at="2022-11-04T19:23:19 GMT-07:00" name="Default suite" finished-at="2022-11-04T19:23:37 GMT-07:00" duration-ms="18097">
    <groups>
    </groups>
    <test started-at="2022-11-04T19:23:19 GMT-07:00" name="Default test" finished-at="2022-11-04T19:23:37 GMT-07:00" duration-ms="18097">
      <class name="MavenProjectPckg.Selenium_Maven_Project.LoginTestCase">
        <test-method is-config="true" signature="launchUrl()[pri:0, instance:MavenProjectPckg.Selenium_Maven_Project.LoginTestCase@59fd97a8]" started-at="2022-11-04T19:23:19 GMT-07:00" name="launchUrl" finished-at="2022-11-04T19:23:32 GMT-07:00" duration-ms="12240" status="PASS">
          <reporter-output>
          </reporter-output>
        </test-method> <!-- launchUrl -->
        <test-method signature="verifyLogin()[pri:0, instance:MavenProjectPckg.Selenium_Maven_Project.LoginTestCase@59fd97a8]" started-at="2022-11-04T19:23:32 GMT-07:00" name="verifyLogin" finished-at="2022-11-04T19:23:37 GMT-07:00" duration-ms="5680" status="PASS">
          <reporter-output>
          </reporter-output>
        </test-method> <!-- verifyLogin -->
      </class> <!-- MavenProjectPckg.Selenium_Maven_Project.LoginTestCase -->
    </test> <!-- Default test -->
  </suite> <!-- Default suite -->
</testng-results>
